<?xml version="1.0" encoding="UTF-8"?>
<testng-results ignored="0" total="0" passed="0" failed="0" skipped="0">
  <reporter-output>
  </reporter-output>
  <suite started-at="2022-03-28T14:18:12 EEST" name="Command line suite" finished-at="2022-03-28T14:18:12 EEST" duration-ms="30">
    <groups>
    </groups>
    <test started-at="2022-03-28T14:18:12 EEST" name="Command line test" finished-at="2022-03-28T14:18:12 EEST" duration-ms="30">
    </test> <!-- Command line test -->
  </suite> <!-- Command line suite -->
</testng-results>
